2023-12-14 15:59:11,759|pipelite.pipelineProcess|DEBUG|pipelite.datasources.abbyypi.piApiRepositoryWrapper.uploadData()|ABBYY Timeline API - HTTP PUT Request https://bp-staging.timelinepi.com/timelinepi-repositories-bp-staging/etl/repository/20/1702565951285/timeline.csv?Expires=1702567151&Key-Pair-Id=APKAJJOKFFMHWCD6WJ7Q&Signature=VcOJA6uY1t6ao1TKHk4w~sWQcR1ADdvF32RQ2h0hET36hiX3H~PRbXSe4xMojHyRzXwzVRiOwWmOT91pOaIDv7t0n2Hc1hiTDMM4rZOBOYGUV818yCl0siPvbkn9A4LVfF5Vm0Q53O39-f~jiLDCef5aJ5UFpqtW-9fPAH27-pn5urGGPlEluleOToP9RBx4DNSF3YBE18aA4b9FjuVXPk57PSUYZNwfLtMvafbCCN-T1NZJo5El~e0P2RyY-0vw3aNicxXkZV1-Nscv-U5tFvc1ukQeApiMVAbPse3PafhFvEjTAVD6ps~RSdeuYzAdRUYeYE8OjZzxw6it2BSl~g__
2023-12-14 15:59:12,654|pipelite.pipelineProcess|DEBUG|pipelite.datasources.abbyypi.piApiRepositoryWrapper.uploadData()|ABBYY Timeline API - HTTP Response <Response [200]>
2023-12-14 15:59:12,658|pipelite.pipelineProcess|INFO|pipelite.datasources.abbyypi.piRepository.load()|Data was uploaded successfully
2023-12-14 15:59:12,660|pipelite.pipelineProcess|INFO|pipelite.datasources.abbyypi.piRepository.load()|Load the uploaded data/bloc(s) into the ABBYY Timeline repository table IFA_BP_Logs
2023-12-14 15:59:12,661|pipelite.pipelineProcess|INFO|pipelite.datasources.abbyypi.piApiRepositoryWrapper.loadFileToPIRepository()|Load the file to the ABBYY Timeline repository
2023-12-14 15:59:12,663|pipelite.pipelineProcess|DEBUG|pipelite.datasources.abbyypi.piApiRepositoryWrapper.loadFileToPIRepository()|HTTP POST Request https://bp-staging.timelinepi.com/api/ext/1.0/repository/20/load
2023-12-14 15:59:12,666|pipelite.pipelineProcess|DEBUG|pipelite.datasources.abbyypi.piApiRepositoryWrapper.loadFileToPIRepository()|HTTP POST Data sent: b'{"fileKeys": ["repository/20/1702565951285/timeline.csv"], "tableName": "IFA_BP_Logs"}'
2023-12-14 15:59:19,001|pipelite.pipelineProcess|DEBUG|pipelite.datasources.abbyypi.piApiRepositoryWrapper.loadFileToPIRepository()|HTTP Response {'processingId': 'ZTpU-iHArBdiockXh5zO_A'}
2023-12-14 15:59:19,017|pipelite.pipelineProcess|INFO|pipelite.datasources.abbyypi.piApiRepositoryWrapper.loadFileToPIRepository()|Loading the file with process ID ZTpU-iHArBdiockXh5zO_A 
2023-12-14 15:59:19,017|pipelite.pipelineProcess|INFO|pipelite.datasources.abbyypi.piRepository.waitForEndOfProcessing()|Wait for the end of a process execution
2023-12-14 15:59:19,017|pipelite.pipelineProcess|INFO|pipelite.datasources.abbyypi.piApiRepositoryWrapper.getProcessingStatus()|Check status for the ABBYY Timeline Task ZTpU-iHArBdiockXh5zO_A
2023-12-14 15:59:19,024|pipelite.pipelineProcess|DEBUG|pipelite.datasources.abbyypi.piApiRepositoryWrapper.getProcessingStatus()|HTTP GET Request https://bp-staging.timelinepi.com/api/ext/1.0/processing/ZTpU-iHArBdiockXh5zO_A
2023-12-14 15:59:19,357|pipelite.pipelineProcess|DEBUG|pipelite.datasources.abbyypi.piApiRepositoryWrapper.getProcessingStatus()|HTTP Response b'{"id":"ZTpU-iHArBdiockXh5zO_A","status":"IN_PROGRESS","subResults":[{"type":"S3_MIGRATION","status":"IN_PROGRESS"}]}'
2023-12-14 15:59:19,357|pipelite.pipelineProcess|INFO|pipelite.datasources.abbyypi.piApiRepositoryWrapper.getProcessingStatus()|ABBYY Timeline Task ZTpU-iHArBdiockXh5zO_A status is IN_PROGRESS 
2023-12-14 15:59:21,363|pipelite.pipelineProcess|INFO|pipelite.datasources.abbyypi.piApiRepositoryWrapper.getProcessingStatus()|Check status for the ABBYY Timeline Task ZTpU-iHArBdiockXh5zO_A
2023-12-14 15:59:21,365|pipelite.pipelineProcess|DEBUG|pipelite.datasources.abbyypi.piApiRepositoryWrapper.getProcessingStatus()|HTTP GET Request https://bp-staging.timelinepi.com/api/ext/1.0/processing/ZTpU-iHArBdiockXh5zO_A
2023-12-14 15:59:21,690|pipelite.pipelineProcess|DEBUG|pipelite.datasources.abbyypi.piApiRepositoryWrapper.getProcessingStatus()|HTTP Response b'{"id":"ZTpU-iHArBdiockXh5zO_A","status":"FINISHED","subResults":[{"type":"S3_MIGRATION","status":"FINISHED"}]}'
2023-12-14 15:59:21,690|pipelite.pipelineProcess|INFO|pipelite.datasources.abbyypi.piApiRepositoryWrapper.getProcessingStatus()|ABBYY Timeline Task ZTpU-iHArBdiockXh5zO_A status is FINISHED 
2023-12-14 15:59:23,710|pipelite.pipelineProcess|INFO|pipelite.datasources.abbyypi.piRepository.executeToDo()|Execute these TO DO: TODO_IFA_BP_Logs
2023-12-14 15:59:23,710|pipelite.pipelineProcess|INFO|pipelite.datasources.abbyypi.piApiRepositoryWrapper.executeTODO()|Execute a To Do in ABBYY Timeline repository
2023-12-14 15:59:23,710|pipelite.pipelineProcess|DEBUG|pipelite.datasources.abbyypi.piApiRepositoryWrapper.executeTODO()|HTTP POST Request https://bp-staging.timelinepi.com/api/ext/1.0/repository/20/execute-todo-list
2023-12-14 15:59:23,710|pipelite.pipelineProcess|DEBUG|pipelite.datasources.abbyypi.piApiRepositoryWrapper.executeTODO()|HTTP POST Data sent: b'{"todoListNames": ["TODO_IFA_BP_Logs"], "tableName": "IFA_BP_Logs"}'
2023-12-14 15:59:29,709|pipelite.pipelineProcess|DEBUG|pipelite.datasources.abbyypi.piApiRepositoryWrapper.executeTODO()|HTTP Response {'processingId': 'dPYBZqovEiS8sdM3w0PrFQ'}
2023-12-14 15:59:29,710|pipelite.pipelineProcess|INFO|pipelite.datasources.abbyypi.piApiRepositoryWrapper.executeTODO()|Loading the file with process ID: dPYBZqovEiS8sdM3w0PrFQ
2023-12-14 15:59:29,711|pipelite.pipelineProcess|INFO|pipelite.datasources.abbyypi.piRepository.waitForEndOfProcessing()|Wait for the end of a process execution
2023-12-14 15:59:29,712|pipelite.pipelineProcess|INFO|pipelite.datasources.abbyypi.piApiRepositoryWrapper.getProcessingStatus()|Check status for the ABBYY Timeline Task dPYBZqovEiS8sdM3w0PrFQ
2023-12-14 15:59:29,713|pipelite.pipelineProcess|DEBUG|pipelite.datasources.abbyypi.piApiRepositoryWrapper.getProcessingStatus()|HTTP GET Request https://bp-staging.timelinepi.com/api/ext/1.0/processing/dPYBZqovEiS8sdM3w0PrFQ
2023-12-14 15:59:29,839|pipelite.pipelineProcess|DEBUG|pipelite.datasources.abbyypi.piApiRepositoryWrapper.getProcessingStatus()|HTTP Response b'{"id":"dPYBZqovEiS8sdM3w0PrFQ","status":"IN_PROGRESS","subResults":[{"type":"OPERATION","status":"IN_PROGRESS"}]}'
2023-12-14 15:59:29,854|pipelite.pipelineProcess|INFO|pipelite.datasources.abbyypi.piApiRepositoryWrapper.getProcessingStatus()|ABBYY Timeline Task dPYBZqovEiS8sdM3w0PrFQ status is IN_PROGRESS 
2023-12-14 15:59:31,867|pipelite.pipelineProcess|INFO|pipelite.datasources.abbyypi.piApiRepositoryWrapper.getProcessingStatus()|Check status for the ABBYY Timeline Task dPYBZqovEiS8sdM3w0PrFQ
2023-12-14 15:59:31,867|pipelite.pipelineProcess|DEBUG|pipelite.datasources.abbyypi.piApiRepositoryWrapper.getProcessingStatus()|HTTP GET Request https://bp-staging.timelinepi.com/api/ext/1.0/processing/dPYBZqovEiS8sdM3w0PrFQ
2023-12-14 15:59:32,019|pipelite.pipelineProcess|DEBUG|pipelite.datasources.abbyypi.piApiRepositoryWrapper.getProcessingStatus()|HTTP Response b'{"id":"dPYBZqovEiS8sdM3w0PrFQ","status":"IN_PROGRESS","subResults":[{"type":"OPERATION","status":"IN_PROGRESS"}]}'
2023-12-14 15:59:32,019|pipelite.pipelineProcess|INFO|pipelite.datasources.abbyypi.piApiRepositoryWrapper.getProcessingStatus()|ABBYY Timeline Task dPYBZqovEiS8sdM3w0PrFQ status is IN_PROGRESS 
2023-12-14 15:59:34,042|pipelite.pipelineProcess|INFO|pipelite.datasources.abbyypi.piApiRepositoryWrapper.getProcessingStatus()|Check status for the ABBYY Timeline Task dPYBZqovEiS8sdM3w0PrFQ
2023-12-14 15:59:34,042|pipelite.pipelineProcess|DEBUG|pipelite.datasources.abbyypi.piApiRepositoryWrapper.getProcessingStatus()|HTTP GET Request https://bp-staging.timelinepi.com/api/ext/1.0/processing/dPYBZqovEiS8sdM3w0PrFQ
2023-12-14 15:59:34,184|pipelite.pipelineProcess|DEBUG|pipelite.datasources.abbyypi.piApiRepositoryWrapper.getProcessingStatus()|HTTP Response b'{"id":"dPYBZqovEiS8sdM3w0PrFQ","status":"IN_PROGRESS","subResults":[{"type":"OPERATION","status":"IN_PROGRESS"},{"type":"MERGE","status":"IN_PROGRESS"}]}'
2023-12-14 15:59:34,184|pipelite.pipelineProcess|INFO|pipelite.datasources.abbyypi.piApiRepositoryWrapper.getProcessingStatus()|ABBYY Timeline Task dPYBZqovEiS8sdM3w0PrFQ status is IN_PROGRESS 
2023-12-14 15:59:36,196|pipelite.pipelineProcess|INFO|pipelite.datasources.abbyypi.piApiRepositoryWrapper.getProcessingStatus()|Check status for the ABBYY Timeline Task dPYBZqovEiS8sdM3w0PrFQ
2023-12-14 15:59:36,196|pipelite.pipelineProcess|DEBUG|pipelite.datasources.abbyypi.piApiRepositoryWrapper.getProcessingStatus()|HTTP GET Request https://bp-staging.timelinepi.com/api/ext/1.0/processing/dPYBZqovEiS8sdM3w0PrFQ
2023-12-14 15:59:36,524|pipelite.pipelineProcess|DEBUG|pipelite.datasources.abbyypi.piApiRepositoryWrapper.getProcessingStatus()|HTTP Response b'{"id":"dPYBZqovEiS8sdM3w0PrFQ","status":"IN_PROGRESS","subResults":[{"type":"OPERATION","status":"IN_PROGRESS"},{"type":"MERGE","status":"FINISHED"},{"type":"POST_MERGE","status":"IN_PROGRESS"}]}'
2023-12-14 15:59:36,524|pipelite.pipelineProcess|INFO|pipelite.datasources.abbyypi.piApiRepositoryWrapper.getProcessingStatus()|ABBYY Timeline Task dPYBZqovEiS8sdM3w0PrFQ status is IN_PROGRESS 
2023-12-14 15:59:38,528|pipelite.pipelineProcess|INFO|pipelite.datasources.abbyypi.piApiRepositoryWrapper.getProcessingStatus()|Check status for the ABBYY Timeline Task dPYBZqovEiS8sdM3w0PrFQ
2023-12-14 15:59:38,528|pipelite.pipelineProcess|DEBUG|pipelite.datasources.abbyypi.piApiRepositoryWrapper.getProcessingStatus()|HTTP GET Request https://bp-staging.timelinepi.com/api/ext/1.0/processing/dPYBZqovEiS8sdM3w0PrFQ
2023-12-14 15:59:38,683|pipelite.pipelineProcess|DEBUG|pipelite.datasources.abbyypi.piApiRepositoryWrapper.getProcessingStatus()|HTTP Response b'{"id":"dPYBZqovEiS8sdM3w0PrFQ","status":"IN_PROGRESS","subResults":[{"type":"OPERATION","status":"IN_PROGRESS"},{"type":"MERGE","status":"FINISHED"},{"type":"POST_MERGE","status":"IN_PROGRESS"}]}'
2023-12-14 15:59:38,683|pipelite.pipelineProcess|INFO|pipelite.datasources.abbyypi.piApiRepositoryWrapper.getProcessingStatus()|ABBYY Timeline Task dPYBZqovEiS8sdM3w0PrFQ status is IN_PROGRESS 
2023-12-14 15:59:40,685|pipelite.pipelineProcess|INFO|pipelite.datasources.abbyypi.piApiRepositoryWrapper.getProcessingStatus()|Check status for the ABBYY Timeline Task dPYBZqovEiS8sdM3w0PrFQ
2023-12-14 15:59:40,685|pipelite.pipelineProcess|DEBUG|pipelite.datasources.abbyypi.piApiRepositoryWrapper.getProcessingStatus()|HTTP GET Request https://bp-staging.timelinepi.com/api/ext/1.0/processing/dPYBZqovEiS8sdM3w0PrFQ
2023-12-14 15:59:40,837|pipelite.pipelineProcess|DEBUG|pipelite.datasources.abbyypi.piApiRepositoryWrapper.getProcessingStatus()|HTTP Response b'{"id":"dPYBZqovEiS8sdM3w0PrFQ","status":"IN_PROGRESS","subResults":[{"type":"OPERATION","status":"IN_PROGRESS"},{"type":"MERGE","status":"FINISHED"},{"type":"POST_MERGE","status":"IN_PROGRESS"},{"type":"MERGE","status":"IN_PROGRESS"}]}'
2023-12-14 15:59:40,837|pipelite.pipelineProcess|INFO|pipelite.datasources.abbyypi.piApiRepositoryWrapper.getProcessingStatus()|ABBYY Timeline Task dPYBZqovEiS8sdM3w0PrFQ status is IN_PROGRESS 
2023-12-14 15:59:42,844|pipelite.pipelineProcess|INFO|pipelite.datasources.abbyypi.piApiRepositoryWrapper.getProcessingStatus()|Check status for the ABBYY Timeline Task dPYBZqovEiS8sdM3w0PrFQ
2023-12-14 15:59:42,844|pipelite.pipelineProcess|DEBUG|pipelite.datasources.abbyypi.piApiRepositoryWrapper.getProcessingStatus()|HTTP GET Request https://bp-staging.timelinepi.com/api/ext/1.0/processing/dPYBZqovEiS8sdM3w0PrFQ
2023-12-14 15:59:42,969|pipelite.pipelineProcess|DEBUG|pipelite.datasources.abbyypi.piApiRepositoryWrapper.getProcessingStatus()|HTTP Response b'{"id":"dPYBZqovEiS8sdM3w0PrFQ","status":"IN_PROGRESS","subResults":[{"type":"OPERATION","status":"IN_PROGRESS"},{"type":"MERGE","status":"FINISHED"},{"type":"POST_MERGE","status":"IN_PROGRESS"},{"type":"MERGE","status":"IN_PROGRESS"}]}'
2023-12-14 15:59:42,969|pipelite.pipelineProcess|INFO|pipelite.datasources.abbyypi.piApiRepositoryWrapper.getProcessingStatus()|ABBYY Timeline Task dPYBZqovEiS8sdM3w0PrFQ status is IN_PROGRESS 
2023-12-14 15:59:44,996|pipelite.pipelineProcess|INFO|pipelite.datasources.abbyypi.piApiRepositoryWrapper.getProcessingStatus()|Check status for the ABBYY Timeline Task dPYBZqovEiS8sdM3w0PrFQ
2023-12-14 15:59:44,996|pipelite.pipelineProcess|DEBUG|pipelite.datasources.abbyypi.piApiRepositoryWrapper.getProcessingStatus()|HTTP GET Request https://bp-staging.timelinepi.com/api/ext/1.0/processing/dPYBZqovEiS8sdM3w0PrFQ
2023-12-14 15:59:45,152|pipelite.pipelineProcess|DEBUG|pipelite.datasources.abbyypi.piApiRepositoryWrapper.getProcessingStatus()|HTTP Response b'{"id":"dPYBZqovEiS8sdM3w0PrFQ","status":"IN_PROGRESS","subResults":[{"type":"OPERATION","status":"FINISHED"},{"type":"MERGE","status":"FINISHED"},{"type":"POST_MERGE","status":"IN_PROGRESS"},{"type":"MERGE","status":"FINISHED"},{"type":"PERIODIC_METRIC","status":"IN_PROGRESS"},{"type":"POST_MERGE","status":"IN_PROGRESS"}]}'
2023-12-14 15:59:45,152|pipelite.pipelineProcess|INFO|pipelite.datasources.abbyypi.piApiRepositoryWrapper.getProcessingStatus()|ABBYY Timeline Task dPYBZqovEiS8sdM3w0PrFQ status is IN_PROGRESS 
2023-12-14 15:59:47,159|pipelite.pipelineProcess|INFO|pipelite.datasources.abbyypi.piApiRepositoryWrapper.getProcessingStatus()|Check status for the ABBYY Timeline Task dPYBZqovEiS8sdM3w0PrFQ
2023-12-14 15:59:47,159|pipelite.pipelineProcess|DEBUG|pipelite.datasources.abbyypi.piApiRepositoryWrapper.getProcessingStatus()|HTTP GET Request https://bp-staging.timelinepi.com/api/ext/1.0/processing/dPYBZqovEiS8sdM3w0PrFQ
2023-12-14 15:59:47,317|pipelite.pipelineProcess|DEBUG|pipelite.datasources.abbyypi.piApiRepositoryWrapper.getProcessingStatus()|HTTP Response b'{"id":"dPYBZqovEiS8sdM3w0PrFQ","status":"IN_PROGRESS","subResults":[{"type":"OPERATION","status":"FINISHED"},{"type":"MERGE","status":"FINISHED"},{"type":"POST_MERGE","status":"IN_PROGRESS"},{"type":"MERGE","status":"FINISHED"},{"type":"PERIODIC_METRIC","status":"FINISHED"},{"type":"POST_MERGE","status":"IN_PROGRESS"},{"type":"CHART_DATA_CALCULATION","status":"IN_PROGRESS"}]}'
2023-12-14 15:59:47,317|pipelite.pipelineProcess|INFO|pipelite.datasources.abbyypi.piApiRepositoryWrapper.getProcessingStatus()|ABBYY Timeline Task dPYBZqovEiS8sdM3w0PrFQ status is IN_PROGRESS 
2023-12-14 15:59:49,331|pipelite.pipelineProcess|INFO|pipelite.datasources.abbyypi.piApiRepositoryWrapper.getProcessingStatus()|Check status for the ABBYY Timeline Task dPYBZqovEiS8sdM3w0PrFQ
2023-12-14 15:59:49,331|pipelite.pipelineProcess|DEBUG|pipelite.datasources.abbyypi.piApiRepositoryWrapper.getProcessingStatus()|HTTP GET Request https://bp-staging.timelinepi.com/api/ext/1.0/processing/dPYBZqovEiS8sdM3w0PrFQ
2023-12-14 15:59:49,485|pipelite.pipelineProcess|DEBUG|pipelite.datasources.abbyypi.piApiRepositoryWrapper.getProcessingStatus()|HTTP Response b'{"id":"dPYBZqovEiS8sdM3w0PrFQ","status":"IN_PROGRESS","subResults":[{"type":"OPERATION","status":"FINISHED"},{"type":"MERGE","status":"FINISHED"},{"type":"POST_MERGE","status":"IN_PROGRESS"},{"type":"MERGE","status":"FINISHED"},{"type":"PERIODIC_METRIC","status":"FINISHED"},{"type":"POST_MERGE","status":"IN_PROGRESS"},{"type":"CHART_DATA_CALCULATION","status":"IN_PROGRESS"}]}'
2023-12-14 15:59:49,501|pipelite.pipelineProcess|INFO|pipelite.datasources.abbyypi.piApiRepositoryWrapper.getProcessingStatus()|ABBYY Timeline Task dPYBZqovEiS8sdM3w0PrFQ status is IN_PROGRESS 
2023-12-14 15:59:51,513|pipelite.pipelineProcess|INFO|pipelite.datasources.abbyypi.piApiRepositoryWrapper.getProcessingStatus()|Check status for the ABBYY Timeline Task dPYBZqovEiS8sdM3w0PrFQ
2023-12-14 15:59:51,513|pipelite.pipelineProcess|DEBUG|pipelite.datasources.abbyypi.piApiRepositoryWrapper.getProcessingStatus()|HTTP GET Request https://bp-staging.timelinepi.com/api/ext/1.0/processing/dPYBZqovEiS8sdM3w0PrFQ
2023-12-14 15:59:51,680|pipelite.pipelineProcess|DEBUG|pipelite.datasources.abbyypi.piApiRepositoryWrapper.getProcessingStatus()|HTTP Response b'{"id":"dPYBZqovEiS8sdM3w0PrFQ","status":"IN_PROGRESS","subResults":[{"type":"OPERATION","status":"FINISHED"},{"type":"MERGE","status":"FINISHED"},{"type":"POST_MERGE","status":"IN_PROGRESS"},{"type":"MERGE","status":"FINISHED"},{"type":"PERIODIC_METRIC","status":"FINISHED"},{"type":"POST_MERGE","status":"IN_PROGRESS"},{"type":"CHART_DATA_CALCULATION","status":"IN_PROGRESS"}]}'
2023-12-14 15:59:51,680|pipelite.pipelineProcess|INFO|pipelite.datasources.abbyypi.piApiRepositoryWrapper.getProcessingStatus()|ABBYY Timeline Task dPYBZqovEiS8sdM3w0PrFQ status is IN_PROGRESS 
2023-12-14 15:59:53,688|pipelite.pipelineProcess|INFO|pipelite.datasources.abbyypi.piApiRepositoryWrapper.getProcessingStatus()|Check status for the ABBYY Timeline Task dPYBZqovEiS8sdM3w0PrFQ
2023-12-14 15:59:53,688|pipelite.pipelineProcess|DEBUG|pipelite.datasources.abbyypi.piApiRepositoryWrapper.getProcessingStatus()|HTTP GET Request https://bp-staging.timelinepi.com/api/ext/1.0/processing/dPYBZqovEiS8sdM3w0PrFQ
2023-12-14 15:59:53,848|pipelite.pipelineProcess|DEBUG|pipelite.datasources.abbyypi.piApiRepositoryWrapper.getProcessingStatus()|HTTP Response b'{"id":"dPYBZqovEiS8sdM3w0PrFQ","status":"IN_PROGRESS","subResults":[{"type":"OPERATION","status":"FINISHED"},{"type":"MERGE","status":"FINISHED"},{"type":"POST_MERGE","status":"IN_PROGRESS"},{"type":"MERGE","status":"FINISHED"},{"type":"PERIODIC_METRIC","status":"FINISHED"},{"type":"POST_MERGE","status":"IN_PROGRESS"},{"type":"CHART_DATA_CALCULATION","status":"IN_PROGRESS"},{"type":"SET_RECALCULATION","status":"FINISHED"},{"type":"PERIODIC_METRIC","status":"IN_PROGRESS"}]}'
2023-12-14 15:59:53,851|pipelite.pipelineProcess|INFO|pipelite.datasources.abbyypi.piApiRepositoryWrapper.getProcessingStatus()|ABBYY Timeline Task dPYBZqovEiS8sdM3w0PrFQ status is IN_PROGRESS 
2023-12-14 15:59:55,861|pipelite.pipelineProcess|INFO|pipelite.datasources.abbyypi.piApiRepositoryWrapper.getProcessingStatus()|Check status for the ABBYY Timeline Task dPYBZqovEiS8sdM3w0PrFQ
2023-12-14 15:59:55,862|pipelite.pipelineProcess|DEBUG|pipelite.datasources.abbyypi.piApiRepositoryWrapper.getProcessingStatus()|HTTP GET Request https://bp-staging.timelinepi.com/api/ext/1.0/processing/dPYBZqovEiS8sdM3w0PrFQ
2023-12-14 15:59:56,017|pipelite.pipelineProcess|DEBUG|pipelite.datasources.abbyypi.piApiRepositoryWrapper.getProcessingStatus()|HTTP Response b'{"id":"dPYBZqovEiS8sdM3w0PrFQ","status":"IN_PROGRESS","subResults":[{"type":"OPERATION","status":"FINISHED"},{"type":"MERGE","status":"FINISHED"},{"type":"POST_MERGE","status":"FINISHED"},{"type":"MERGE","status":"FINISHED"},{"type":"PERIODIC_METRIC","status":"FINISHED"},{"type":"POST_MERGE","status":"IN_PROGRESS"},{"type":"CHART_DATA_CALCULATION","status":"FINISHED"},{"type":"SET_RECALCULATION","status":"FINISHED"},{"type":"PERIODIC_METRIC","status":"IN_PROGRESS"},{"type":"ALERT","status":"IN_PROGRESS"}]}'
2023-12-14 15:59:56,017|pipelite.pipelineProcess|INFO|pipelite.datasources.abbyypi.piApiRepositoryWrapper.getProcessingStatus()|ABBYY Timeline Task dPYBZqovEiS8sdM3w0PrFQ status is IN_PROGRESS 
2023-12-14 15:59:58,028|pipelite.pipelineProcess|INFO|pipelite.datasources.abbyypi.piApiRepositoryWrapper.getProcessingStatus()|Check status for the ABBYY Timeline Task dPYBZqovEiS8sdM3w0PrFQ
2023-12-14 15:59:58,028|pipelite.pipelineProcess|DEBUG|pipelite.datasources.abbyypi.piApiRepositoryWrapper.getProcessingStatus()|HTTP GET Request https://bp-staging.timelinepi.com/api/ext/1.0/processing/dPYBZqovEiS8sdM3w0PrFQ
2023-12-14 15:59:58,184|pipelite.pipelineProcess|DEBUG|pipelite.datasources.abbyypi.piApiRepositoryWrapper.getProcessingStatus()|HTTP Response b'{"id":"dPYBZqovEiS8sdM3w0PrFQ","status":"IN_PROGRESS","subResults":[{"type":"OPERATION","status":"FINISHED"},{"type":"MERGE","status":"FINISHED"},{"type":"POST_MERGE","status":"FINISHED"},{"type":"MERGE","status":"FINISHED"},{"type":"PERIODIC_METRIC","status":"FINISHED"},{"type":"POST_MERGE","status":"IN_PROGRESS"},{"type":"CHART_DATA_CALCULATION","status":"FINISHED"},{"type":"SET_RECALCULATION","status":"FINISHED"},{"type":"PERIODIC_METRIC","status":"FINISHED"},{"type":"ALERT","status":"FINISHED","result":{"uploadId":6188}},{"type":"CHART_DATA_CALCULATION","status":"IN_PROGRESS"}]}'
2023-12-14 15:59:58,184|pipelite.pipelineProcess|INFO|pipelite.datasources.abbyypi.piApiRepositoryWrapper.getProcessingStatus()|ABBYY Timeline Task dPYBZqovEiS8sdM3w0PrFQ status is IN_PROGRESS 
2023-12-14 16:00:00,193|pipelite.pipelineProcess|INFO|pipelite.datasources.abbyypi.piApiRepositoryWrapper.getProcessingStatus()|Check status for the ABBYY Timeline Task dPYBZqovEiS8sdM3w0PrFQ
2023-12-14 16:00:00,193|pipelite.pipelineProcess|DEBUG|pipelite.datasources.abbyypi.piApiRepositoryWrapper.getProcessingStatus()|HTTP GET Request https://bp-staging.timelinepi.com/api/ext/1.0/processing/dPYBZqovEiS8sdM3w0PrFQ
2023-12-14 16:00:00,347|pipelite.pipelineProcess|DEBUG|pipelite.datasources.abbyypi.piApiRepositoryWrapper.getProcessingStatus()|HTTP Response b'{"id":"dPYBZqovEiS8sdM3w0PrFQ","status":"IN_PROGRESS","subResults":[{"type":"OPERATION","status":"FINISHED"},{"type":"MERGE","status":"FINISHED"},{"type":"POST_MERGE","status":"FINISHED"},{"type":"MERGE","status":"FINISHED"},{"type":"PERIODIC_METRIC","status":"FINISHED"},{"type":"POST_MERGE","status":"IN_PROGRESS"},{"type":"CHART_DATA_CALCULATION","status":"FINISHED"},{"type":"SET_RECALCULATION","status":"FINISHED"},{"type":"PERIODIC_METRIC","status":"FINISHED"},{"type":"ALERT","status":"FINISHED","result":{"uploadId":6188}},{"type":"CHART_DATA_CALCULATION","status":"IN_PROGRESS"},{"type":"SET_RECALCULATION","status":"FINISHED"}]}'
2023-12-14 16:00:00,347|pipelite.pipelineProcess|INFO|pipelite.datasources.abbyypi.piApiRepositoryWrapper.getProcessingStatus()|ABBYY Timeline Task dPYBZqovEiS8sdM3w0PrFQ status is IN_PROGRESS 
2023-12-14 16:00:02,349|pipelite.pipelineProcess|INFO|pipelite.datasources.abbyypi.piApiRepositoryWrapper.getProcessingStatus()|Check status for the ABBYY Timeline Task dPYBZqovEiS8sdM3w0PrFQ
2023-12-14 16:00:02,349|pipelite.pipelineProcess|DEBUG|pipelite.datasources.abbyypi.piApiRepositoryWrapper.getProcessingStatus()|HTTP GET Request https://bp-staging.timelinepi.com/api/ext/1.0/processing/dPYBZqovEiS8sdM3w0PrFQ
2023-12-14 16:00:02,518|pipelite.pipelineProcess|DEBUG|pipelite.datasources.abbyypi.piApiRepositoryWrapper.getProcessingStatus()|HTTP Response b'{"id":"dPYBZqovEiS8sdM3w0PrFQ","status":"FINISHED","result":{"uploadId":6188},"subResults":[{"type":"OPERATION","status":"FINISHED"},{"type":"MERGE","status":"FINISHED"},{"type":"POST_MERGE","status":"FINISHED"},{"type":"MERGE","status":"FINISHED"},{"type":"PERIODIC_METRIC","status":"FINISHED"},{"type":"POST_MERGE","status":"FINISHED"},{"type":"CHART_DATA_CALCULATION","status":"FINISHED"},{"type":"SET_RECALCULATION","status":"FINISHED"},{"type":"PERIODIC_METRIC","status":"FINISHED"},{"type":"ALERT","status":"FINISHED","result":{"uploadId":6188}},{"type":"CHART_DATA_CALCULATION","status":"FINISHED"},{"type":"SET_RECALCULATION","status":"FINISHED"},{"type":"ALERT","status":"FINISHED","result":{"uploadId":6189}}]}'
2023-12-14 16:00:02,518|pipelite.pipelineProcess|INFO|pipelite.datasources.abbyypi.piApiRepositoryWrapper.getProcessingStatus()|ABBYY Timeline Task dPYBZqovEiS8sdM3w0PrFQ status is FINISHED 
2023-12-14 16:00:04,529|pipelite.pipelineProcess|INFO|pipelite.datasources.abbyypi.piRepository.executeToDo()|To Do executed successfully
2023-12-14 16:00:04,529|pipelite.pipelineProcess|INFO|pipelite.pipelines.sequentialPL.load()|[ LOAD S2 - Rows: 141 - Columns: Index(['logId', 'SessionID', 'stageName', 'result', 'resourceStartTime',
       'ResourceName', 'actionname', 'stageType', 'pagename',
       'Customer Number', 'Deposit', 'Investment', 'Product', 'Reason Text',
       'stageId'],
      dtype='object') ]
2023-12-14 16:00:04,590|pipelite.pipelineProcess|INFO|pipelite.pipelines.sequentialPL.terminate()|Pipeline Report 

--- PIPELITE REPORT ---
           Type                                    Description                Start                  End   Duration Rows Processed Order
id                                                                                                                                      
S1    Extractor                       bprepoDS -> Output: [S1]  2023-12-14 15:59:10  2023-12-14 15:59:10    0.86422            141     1
T2  Transformer  passthroughTR -> Inputs: [S1] / Outputs: [S2]  2023-12-14 15:59:10  2023-12-14 15:59:10        0.0            141     2
S2       Loader                          bppiDS -> Input: [S2]  2023-12-14 15:59:10  2023-12-14 16:00:04  53.654807            141     3

Total Duration 54.519027 sec

 
2023-12-14 16:00:04,590|pipelite.pipelineProcess|INFO|pipelite.pipelines.sequentialPL.terminate()|Warnings: 2
2023-12-14 16:00:04,590|pipelite.pipelineProcess|INFO|pipelite.pipelines.sequentialPL.terminate()|Errors: 0

2023-12-14 16:00:04,590|pipelite.pipelineProcess|INFO|pipelite.pipelines.sequentialPL.terminate()|*** End of Job treatment ***
